0 info it worked if it ends with ok
1 verbose cli [ '/usr/local/Cellar/node@5/5.12.0/bin/node',
1 verbose cli   '/usr/local/bin/npm',
1 verbose cli   'run',
1 verbose cli   'test' ]
2 info using npm@3.8.6
3 info using node@v5.12.0
4 verbose run-script [ 'pretest', 'test', 'posttest' ]
5 info lifecycle shape-area@1.0.0~pretest: shape-area@1.0.0
6 silly lifecycle shape-area@1.0.0~pretest: no script for pretest, continuing
7 info lifecycle shape-area@1.0.0~test: shape-area@1.0.0
8 verbose lifecycle shape-area@1.0.0~test: unsafe-perm in lifecycle true
9 verbose lifecycle shape-area@1.0.0~test: PATH: /usr/local/lib/node_modules/npm/bin/node-gyp-bin:/Users/supriya/Desktop/shape-area/node_modules/.bin:/usr/local/Cellar/node@5/5.12.0/bin:/usr/local/bin:/usr/bin:/bin:/usr/sbin:/sbin:/Users/Yathi/Library/Android/sdk/tools:/Users/Yathi/Library/Android/sdk/platform-tools:/opt/X11/bin:/Users/supriya/.nvm/versions/node/v12.15.0/bin
10 verbose lifecycle shape-area@1.0.0~test: CWD: /Users/supriya/Desktop/shape-area
11 silly lifecycle shape-area@1.0.0~test: Args: [ '-c', 'jest' ]
12 info lifecycle shape-area@1.0.0~test: Failed to exec test script
13 verbose stack Error: shape-area@1.0.0 test: `jest`
13 verbose stack spawn ENOENT
13 verbose stack     at ChildProcess.<anonymous> (/usr/local/lib/node_modules/npm/lib/utils/spawn.js:17:16)
13 verbose stack     at emitTwo (events.js:100:13)
13 verbose stack     at ChildProcess.emit (events.js:185:7)
13 verbose stack     at maybeClose (internal/child_process.js:850:16)
13 verbose stack     at Process.ChildProcess._handle.onexit (internal/child_process.js:215:5)
14 verbose pkgid shape-area@1.0.0
15 verbose cwd /Users/supriya/Desktop/shape-area
16 error Darwin 19.3.0
17 error argv "/usr/local/Cellar/node@5/5.12.0/bin/node" "/usr/local/bin/npm" "run" "test"
18 error node v5.12.0
19 error npm  v3.8.6
20 error file sh
21 error code ELIFECYCLE
22 error errno ENOENT
23 error syscall spawn
24 error shape-area@1.0.0 test: `jest`
24 error spawn ENOENT
25 error Failed at the shape-area@1.0.0 test script 'jest'.
25 error Make sure you have the latest version of node.js and npm installed.
25 error If you do, this is most likely a problem with the shape-area package,
25 error not with npm itself.
25 error Tell the author that this fails on your system:
25 error     jest
25 error You can get information on how to open an issue for this project with:
25 error     npm bugs shape-area
25 error Or if that isn't available, you can get their info via:
25 error     npm owner ls shape-area
25 error There is likely additional logging output above.
26 verbose exit [ 1, true ]
